0 info it worked if it ends with ok
1 verbose cli [ '/usr/local/bin/node', '/usr/local/bin/npm', 'start' ]
2 info using npm@3.9.5
3 info using node@v4.2.3
4 verbose run-script [ 'prestart', 'start', 'poststart' ]
5 info lifecycle react-redux-starter-kit@1.0.0~prestart: react-redux-starter-kit@1.0.0
6 silly lifecycle react-redux-starter-kit@1.0.0~prestart: no script for prestart, continuing
7 info lifecycle react-redux-starter-kit@1.0.0~start: react-redux-starter-kit@1.0.0
8 verbose lifecycle react-redux-starter-kit@1.0.0~start: unsafe-perm in lifecycle true
9 verbose lifecycle react-redux-starter-kit@1.0.0~start: PATH: /usr/local/lib/node_modules/npm/bin/node-gyp-bin:/Users/grantmwong/Desktop/PostDBC/react-redux-starter-kit/node_modules/.bin:/usr/local/bin:/Users/grantmwong/.rbenv/shims:/Users/grantmwong/.rbenv/shims:/Users/grantmwong/.rbenv/shims:/usr/local/heroku/bin:/usr/local/bin:/usr/local/sbin:~/bin:/Users/grantmwong/.rbenv/bin:/Users/grantmwong/.rbenv/shims:/usr/local/bin:/usr/bin:/bin:/usr/sbin:/sbin
10 verbose lifecycle react-redux-starter-kit@1.0.0~start: CWD: /Users/grantmwong/Desktop/PostDBC/react-redux-starter-kit
11 silly lifecycle react-redux-starter-kit@1.0.0~start: Args: [ '-c',
11 silly lifecycle   'node ./node_modules/webpack-dev-server/bin/webpack-dev-server.js' ]
12 silly lifecycle react-redux-starter-kit@1.0.0~start: Returned: code: 1  signal: null
13 info lifecycle react-redux-starter-kit@1.0.0~start: Failed to exec start script
14 verbose stack Error: react-redux-starter-kit@1.0.0 start: `node ./node_modules/webpack-dev-server/bin/webpack-dev-server.js`
14 verbose stack Exit status 1
14 verbose stack     at EventEmitter.<anonymous> (/usr/local/lib/node_modules/npm/lib/utils/lifecycle.js:245:16)
14 verbose stack     at emitTwo (events.js:87:13)
14 verbose stack     at EventEmitter.emit (events.js:172:7)
14 verbose stack     at ChildProcess.<anonymous> (/usr/local/lib/node_modules/npm/lib/utils/spawn.js:24:14)
14 verbose stack     at emitTwo (events.js:87:13)
14 verbose stack     at ChildProcess.emit (events.js:172:7)
14 verbose stack     at maybeClose (internal/child_process.js:818:16)
14 verbose stack     at Process.ChildProcess._handle.onexit (internal/child_process.js:211:5)
15 verbose pkgid react-redux-starter-kit@1.0.0
16 verbose cwd /Users/grantmwong/Desktop/PostDBC/react-redux-starter-kit
17 error Darwin 15.5.0
18 error argv "/usr/local/bin/node" "/usr/local/bin/npm" "start"
19 error node v4.2.3
20 error npm  v3.9.5
21 error code ELIFECYCLE
22 error react-redux-starter-kit@1.0.0 start: `node ./node_modules/webpack-dev-server/bin/webpack-dev-server.js`
22 error Exit status 1
23 error Failed at the react-redux-starter-kit@1.0.0 start script 'node ./node_modules/webpack-dev-server/bin/webpack-dev-server.js'.
23 error Make sure you have the latest version of node.js and npm installed.
23 error If you do, this is most likely a problem with the react-redux-starter-kit package,
23 error not with npm itself.
23 error Tell the author that this fails on your system:
23 error     node ./node_modules/webpack-dev-server/bin/webpack-dev-server.js
23 error You can get information on how to open an issue for this project with:
23 error     npm bugs react-redux-starter-kit
23 error Or if that isn't available, you can get their info via:
23 error     npm owner ls react-redux-starter-kit
23 error There is likely additional logging output above.
24 verbose exit [ 1, true ]
